<?xml version="1.0" encoding="UTF-8"?>
<!-- Generated by org.testng.reporters.JUnitReportReporter -->
<testsuite hostname="DESKTOP-8BO9H7E" failures="0" tests="2" name="com.API.method.jobApiDeleteMethod" time="3.490" errors="0" timestamp="2022-02-22T15:09:04 EST" skipped="0">
  <testcase classname="com.API.method.jobApiDeleteMethod" name="jobApiDeleteData" time="3.275"/>
  <system-out/>
  <testcase classname="com.API.method.jobApiDeleteMethod" name="jobApiDeleteData" time="0.215"/>
  <system-out/>
</testsuite> <!-- com.API.method.jobApiDeleteMethod -->
