<?xml version="1.0" encoding="UTF-8"?>
<!-- Generated by org.testng.reporters.JUnitReportReporter -->
<testsuite hostname="DESKTOP-8BO9H7E" failures="0" tests="1" name="com.API.method.jobApiGetMethod" time="4.282" errors="0" timestamp="2022-02-22T15:04:48 EST" skipped="0">
  <testcase classname="com.API.method.jobApiGetMethod" name="jobApiGetData" time="4.282"/>
  <system-out/>
</testsuite> <!-- com.API.method.jobApiGetMethod -->
